{"code":401,"level":"error"}
{"level":"error"}
{"level":"error"}
{"code":401,"level":"error"}
{"code":401,"level":"error"}
{"level":"error","name":"SequelizeDatabaseError","original":{"code":"ER_BAD_FIELD_ERROR","errno":1054,"sql":"SELECT `id`, `name`, `translation`, `transcription`, `description`, `synonimId`, `example`, `type`, `status`, `user_id`, `vocabulary_groub_id`, `createAt` FROM `user` AS `user` WHERE `user`.`user_id` = 1;","sqlMessage":"Unknown column 'translation' in 'field list'","sqlState":"42S22"},"parameters":{},"parent":{"code":"ER_BAD_FIELD_ERROR","errno":1054,"sql":"SELECT `id`, `name`, `translation`, `transcription`, `description`, `synonimId`, `example`, `type`, `status`, `user_id`, `vocabulary_groub_id`, `createAt` FROM `user` AS `user` WHERE `user`.`user_id` = 1;","sqlMessage":"Unknown column 'translation' in 'field list'","sqlState":"42S22"},"sql":"SELECT `id`, `name`, `translation`, `transcription`, `description`, `synonimId`, `example`, `type`, `status`, `user_id`, `vocabulary_groub_id`, `createAt` FROM `user` AS `user` WHERE `user`.`user_id` = 1;"}
{"level":"error","name":"SequelizeDatabaseError","original":{"code":"ER_BAD_FIELD_ERROR","errno":1054,"sql":"SELECT `id`, `name`, `translation`, `transcription`, `description`, `synonimId`, `example`, `type`, `status`, `user_id`, `vocabulary_groub_id`, `createAt` FROM `user` AS `user` WHERE `user`.`user_id` = 1;","sqlMessage":"Unknown column 'translation' in 'field list'","sqlState":"42S22"},"parameters":{},"parent":{"code":"ER_BAD_FIELD_ERROR","errno":1054,"sql":"SELECT `id`, `name`, `translation`, `transcription`, `description`, `synonimId`, `example`, `type`, `status`, `user_id`, `vocabulary_groub_id`, `createAt` FROM `user` AS `user` WHERE `user`.`user_id` = 1;","sqlMessage":"Unknown column 'translation' in 'field list'","sqlState":"42S22"},"sql":"SELECT `id`, `name`, `translation`, `transcription`, `description`, `synonimId`, `example`, `type`, `status`, `user_id`, `vocabulary_groub_id`, `createAt` FROM `user` AS `user` WHERE `user`.`user_id` = 1;"}
{"code":401,"level":"error"}
{"code":401,"level":"error"}
{"code":401,"level":"error"}
{"code":401,"level":"error"}
{"code":400,"level":"error"}
{"code":400,"level":"error"}
{"errors":[{"instance":{"createAt":"2024-05-24T19:43:57.159Z","id":null,"name":"work","user_id":1,"vocabulary_groub_id":1},"message":"dictionary.translation cannot be null","origin":"CORE","path":"translation","type":"notNull Violation","validatorArgs":[],"validatorKey":"is_null","validatorName":null,"value":null}],"level":"error","name":"SequelizeValidationError"}
{"errors":[{"instance":{"createAt":"2024-05-24T19:44:19.006Z","id":null,"name":"work","user_id":1,"vocabulary_groub_id":1},"message":"dictionary.translation cannot be null","origin":"CORE","path":"translation","type":"notNull Violation","validatorArgs":[],"validatorKey":"is_null","validatorName":null,"value":null}],"level":"error","name":"SequelizeValidationError"}
{"errors":[{"instance":{"createAt":"2024-05-24T19:45:48.312Z","id":null,"name":"work","user_id":1,"vocabulary_groub_id":1},"message":"dictionary.translation cannot be null","origin":"CORE","path":"translation","type":"notNull Violation","validatorArgs":[],"validatorKey":"is_null","validatorName":null,"value":null}],"level":"error","name":"SequelizeValidationError"}
{"code":403,"level":"error"}
{"code":401,"level":"error"}
{"code":401,"level":"error"}
{"code":400,"level":"error"}
{"code":400,"level":"error"}
{"level":"error"}
{"code":400,"level":"error"}
{"code":401,"level":"error"}
{"code":401,"level":"error"}
{"level":"error","name":"SequelizeDatabaseError","original":{"code":"ER_BAD_FIELD_ERROR","errno":1054,"sql":"SELECT `id`, `name`, `description`, `createdAt`, `updatedAt` FROM `role` AS `role`;","sqlMessage":"Unknown column 'createdAt' in 'field list'","sqlState":"42S22"},"parameters":{},"parent":{"code":"ER_BAD_FIELD_ERROR","errno":1054,"sql":"SELECT `id`, `name`, `description`, `createdAt`, `updatedAt` FROM `role` AS `role`;","sqlMessage":"Unknown column 'createdAt' in 'field list'","sqlState":"42S22"},"sql":"SELECT `id`, `name`, `description`, `createdAt`, `updatedAt` FROM `role` AS `role`;"}
{"errors":[{"instance":{"id":null,"name":"just user"},"message":"name_UNIQUE must be unique","origin":"DB","path":"name_UNIQUE","type":"unique violation","validatorArgs":[],"validatorKey":"not_unique","validatorName":null,"value":"just user"}],"fields":{"name_UNIQUE":"just user"},"level":"error","name":"SequelizeUniqueConstraintError","original":{"code":"ER_DUP_ENTRY","errno":1062,"parameters":["just user"],"sql":"INSERT INTO `role` (`id`,`name`) VALUES (DEFAULT,?);","sqlMessage":"Duplicate entry 'just user' for key 'name_UNIQUE'","sqlState":"23000"},"parent":{"code":"ER_DUP_ENTRY","errno":1062,"parameters":["just user"],"sql":"INSERT INTO `role` (`id`,`name`) VALUES (DEFAULT,?);","sqlMessage":"Duplicate entry 'just user' for key 'name_UNIQUE'","sqlState":"23000"},"sql":"INSERT INTO `role` (`id`,`name`) VALUES (DEFAULT,?);"}
{"errors":[{"instance":{"id":null,"name":"just user"},"message":"name_UNIQUE must be unique","origin":"DB","path":"name_UNIQUE","type":"unique violation","validatorArgs":[],"validatorKey":"not_unique","validatorName":null,"value":"just user"}],"fields":{"name_UNIQUE":"just user"},"level":"error","name":"SequelizeUniqueConstraintError","original":{"code":"ER_DUP_ENTRY","errno":1062,"parameters":["just user"],"sql":"INSERT INTO `role` (`id`,`name`) VALUES (DEFAULT,?);","sqlMessage":"Duplicate entry 'just user' for key 'name_UNIQUE'","sqlState":"23000"},"parent":{"code":"ER_DUP_ENTRY","errno":1062,"parameters":["just user"],"sql":"INSERT INTO `role` (`id`,`name`) VALUES (DEFAULT,?);","sqlMessage":"Duplicate entry 'just user' for key 'name_UNIQUE'","sqlState":"23000"},"sql":"INSERT INTO `role` (`id`,`name`) VALUES (DEFAULT,?);"}
{"errors":[{"instance":{"id":null,"name":"just user"},"message":"name_UNIQUE must be unique","origin":"DB","path":"name_UNIQUE","type":"unique violation","validatorArgs":[],"validatorKey":"not_unique","validatorName":null,"value":"just user"}],"fields":{"name_UNIQUE":"just user"},"level":"error","name":"SequelizeUniqueConstraintError","original":{"code":"ER_DUP_ENTRY","errno":1062,"parameters":["just user"],"sql":"INSERT INTO `role` (`id`,`name`) VALUES (DEFAULT,?);","sqlMessage":"Duplicate entry 'just user' for key 'name_UNIQUE'","sqlState":"23000"},"parent":{"code":"ER_DUP_ENTRY","errno":1062,"parameters":["just user"],"sql":"INSERT INTO `role` (`id`,`name`) VALUES (DEFAULT,?);","sqlMessage":"Duplicate entry 'just user' for key 'name_UNIQUE'","sqlState":"23000"},"sql":"INSERT INTO `role` (`id`,`name`) VALUES (DEFAULT,?);"}
{"errors":[{"instance":{"id":null,"name":"just user"},"message":"name_UNIQUE must be unique","origin":"DB","path":"name_UNIQUE","type":"unique violation","validatorArgs":[],"validatorKey":"not_unique","validatorName":null,"value":"just user"}],"fields":{"name_UNIQUE":"just user"},"level":"error","name":"SequelizeUniqueConstraintError","original":{"code":"ER_DUP_ENTRY","errno":1062,"parameters":["just user"],"sql":"INSERT INTO `role` (`id`,`name`) VALUES (DEFAULT,?);","sqlMessage":"Duplicate entry 'just user' for key 'name_UNIQUE'","sqlState":"23000"},"parent":{"code":"ER_DUP_ENTRY","errno":1062,"parameters":["just user"],"sql":"INSERT INTO `role` (`id`,`name`) VALUES (DEFAULT,?);","sqlMessage":"Duplicate entry 'just user' for key 'name_UNIQUE'","sqlState":"23000"},"sql":"INSERT INTO `role` (`id`,`name`) VALUES (DEFAULT,?);"}
{"code":403,"level":"error"}
{"body":"{\r\n    \"status\": 1,\r\n    \"\"\r\n}","expose":true,"level":"error","status":400,"statusCode":400,"type":"entity.parse.failed"}
{"code":403,"level":"error"}
{"fields":["dictionary_id"],"index":"fk_memoryTrack_dictionary1","level":"error","name":"SequelizeForeignKeyConstraintError","original":{"code":"ER_NO_REFERENCED_ROW_2","errno":1452,"parameters":[1,1,10,"2024-05-24 20:53:20"],"sql":"INSERT INTO `memorytrack` (`id`,`status`,`user_id`,`dictionary_id`,`create_at`) VALUES (DEFAULT,?,?,?,?);","sqlMessage":"Cannot add or update a child row: a foreign key constraint fails (`vocabulary`.`memorytrack`, CONSTRAINT `fk_memoryTrack_dictionary1` FOREIGN KEY (`dictionary_id`) REFERENCES `dictionary` (`id`) ON DELETE NO ACTION ON UPDATE NO ACTION)","sqlState":"23000"},"parameters":[1,1,10,"2024-05-24 20:53:20"],"parent":{"code":"ER_NO_REFERENCED_ROW_2","errno":1452,"parameters":[1,1,10,"2024-05-24 20:53:20"],"sql":"INSERT INTO `memorytrack` (`id`,`status`,`user_id`,`dictionary_id`,`create_at`) VALUES (DEFAULT,?,?,?,?);","sqlMessage":"Cannot add or update a child row: a foreign key constraint fails (`vocabulary`.`memorytrack`, CONSTRAINT `fk_memoryTrack_dictionary1` FOREIGN KEY (`dictionary_id`) REFERENCES `dictionary` (`id`) ON DELETE NO ACTION ON UPDATE NO ACTION)","sqlState":"23000"},"reltype":"child","sql":"INSERT INTO `memorytrack` (`id`,`status`,`user_id`,`dictionary_id`,`create_at`) VALUES (DEFAULT,?,?,?,?);","table":"dictionary","value":10}
{"code":403,"level":"error"}
